<?xml version="1.0" encoding="UTF-8"?>
<!-- Generated by org.testng.reporters.JUnitReportReporter -->
<testsuite hostname="Tejas_Dhakite" failures="0" tests="4" name="TestCases._5_ChechoutPage2Test" time="31.190" errors="0" timestamp="2023-07-25T15:19:51 IST" skipped="0">
  <testcase classname="TestCases._5_ChechoutPage2Test" name="verifypaymentInfoLabel" time="7.566"/>
  <system-out/>
  <testcase classname="TestCases._5_ChechoutPage2Test" name="verifytotalAmountLabel" time="7.643"/>
  <system-out/>
  <testcase classname="TestCases._5_ChechoutPage2Test" name="verifyChekoutPage2Label" time="8.119"/>
  <system-out/>
  <testcase classname="TestCases._5_ChechoutPage2Test" name="verifyshippingInfoLabel" time="7.862"/>
  <system-out/>
</testsuite> <!-- TestCases._5_ChechoutPage2Test -->
