<?xml version="1.0" encoding="UTF-8"?>
<!-- Generated by org.testng.reporters.JUnitReportReporter -->
<testsuite hostname="Tejas_Dhakite" failures="0" tests="6" name="TestCases.InventoryPageTest" time="15.970" errors="0" timestamp="2023-06-10T14:32:04 IST" skipped="0">
  <testcase classname="TestCases.InventoryPageTest" name="verifyLinkedinLogoTest" time="1.986"/>
  <system-out>
    <![CDATA[Visibility of linkedin Logo :- true]]>
  </system-out>
  <testcase classname="TestCases.InventoryPageTest" name="verifyTwitterLogoTest" time="3.904"/>
  <system-out>
    <![CDATA[Visibility of twitter Logo :- true]]>
  </system-out>
  <testcase classname="TestCases.InventoryPageTest" name="verifyFacebookLogoTest" time="1.902"/>
  <system-out>
    <![CDATA[Visibility of Facebook Logo :- true]]>
  </system-out>
  <testcase classname="TestCases.InventoryPageTest" name="verifyLabelTest" time="3.072"/>
  <system-out>
    <![CDATA[Label Title :- Products]]>
  </system-out>
  <testcase classname="TestCases.InventoryPageTest" name="add6ProductTest" time="2.717"/>
  <system-out>
    <![CDATA[Total Product Added :- 6]]>
  </system-out>
  <testcase classname="TestCases.InventoryPageTest" name="remove2ProductTest" time="2.389"/>
  <system-out>
    <![CDATA[Count of product after removing :-4]]>
  </system-out>
</testsuite> <!-- TestCases.InventoryPageTest -->
