<?xml version="1.0" encoding="UTF-8"?>
<!-- Generated by org.testng.reporters.JUnitReportReporter -->
<testsuite hostname="Tejas_Dhakite" failures="0" tests="4" name="TestCases.CheckoutCompletePageTest" time="17.474" errors="0" timestamp="2023-06-11T13:20:21 IST" skipped="0">
  <testcase classname="TestCases.CheckoutCompletePageTest" name="verifyCheckoutCompleteLabel2Test" time="3.363"/>
  <system-out/>
  <testcase classname="TestCases.CheckoutCompletePageTest" name="verifyCompletePageURLTest" time="3.338"/>
  <system-out/>
  <testcase classname="TestCases.CheckoutCompletePageTest" name="verifyCheckoutCompleteLabel3Test" time="3.258"/>
  <system-out/>
  <testcase classname="TestCases.CheckoutCompletePageTest" name="verifyCheckoutCompleteLabel1Test" time="7.515"/>
  <system-out/>
</testsuite> <!-- TestCases.CheckoutCompletePageTest -->
