<?xml version="1.0" encoding="UTF-8"?>
<!-- Generated by org.testng.reporters.JUnitReportReporter -->
<testsuite hostname="Tejas_Dhakite" failures="0" tests="2" name="TestCases.cartPageTest" time="5.824" errors="0" timestamp="2023-06-11T11:32:32 IST" skipped="0">
  <testcase classname="TestCases.cartPageTest" name="verifyCartLabelTest" time="3.369"/>
  <system-out>
    <![CDATA[Label of Cart page :-Your Cart]]>
  </system-out>
  <testcase classname="TestCases.cartPageTest" name="verifyCartPageTest" time="2.455"/>
  <system-out>
    <![CDATA[URL of Cart page :-https://www.saucedemo.com/cart.html]]>
  </system-out>
</testsuite> <!-- TestCases.cartPageTest -->
