<?xml version="1.0" encoding="UTF-8"?>
<!-- Generated by org.testng.reporters.JUnitReportReporter -->
<testsuite hostname="Tejas_Dhakite" failures="0" tests="3" name="TestCases.CheckoutPage1Test" time="8.917" errors="0" timestamp="2023-06-11T11:59:22 IST" skipped="0">
  <testcase classname="TestCases.CheckoutPage1Test" name="inputCheckoutInfoTest" time="3.473"/>
  <system-out>
    <![CDATA[URL of checkout page 2 :-https://www.saucedemo.com/checkout-step-one.html]]>
  </system-out>
  <testcase classname="TestCases.CheckoutPage1Test" name="verifyCheckoutPage1LabelTest" time="2.690"/>
  <system-out>
    <![CDATA[URL of checkout page Label :-Checkout: Your Information]]>
  </system-out>
  <testcase classname="TestCases.CheckoutPage1Test" name="verifyCheckoutPage1URLTest" time="2.754"/>
  <system-out>
    <![CDATA[URL of checkout page 1 :-https://www.saucedemo.com/checkout-step-one.html]]>
  </system-out>
</testsuite> <!-- TestCases.CheckoutPage1Test -->
