<?xml version="1.0" encoding="UTF-8"?>
<!-- Generated by org.testng.reporters.JUnitReportReporter -->
<testsuite hostname="Tejas_Dhakite" failures="0" tests="3" name="TestCases._4_CheckoutPage1Test" time="23.218" errors="0" timestamp="2023-07-25T15:19:51 IST" skipped="0">
  <testcase classname="TestCases._4_CheckoutPage1Test" name="verifyCheckoutPage1URLTest" time="7.829"/>
  <system-out>
    <![CDATA[URL of checkout page 1 :-https://www.saucedemo.com/v1/checkout-step-one.html]]>
  </system-out>
  <testcase classname="TestCases._4_CheckoutPage1Test" name="verifyCheckoutPage1LabelTest" time="7.344"/>
  <system-out>
    <![CDATA[Label of checkout page Label :-Checkout: Your Information]]>
  </system-out>
  <testcase classname="TestCases._4_CheckoutPage1Test" name="inputCheckoutInfoTest" time="8.045"/>
  <system-out>
    <![CDATA[URL of checkout page 2 :-https://www.saucedemo.com/v1/checkout-step-two.html]]>
  </system-out>
</testsuite> <!-- TestCases._4_CheckoutPage1Test -->
