<?xml version="1.0" encoding="UTF-8"?>
<!-- Generated by org.testng.reporters.JUnitReportReporter -->
<testsuite hostname="Tejas_Dhakite" failures="0" tests="2" name="TestCases._3_cartPageTest" time="14.683" errors="0" timestamp="2023-07-25T15:19:51 IST" skipped="0">
  <testcase classname="TestCases._3_cartPageTest" name="verifyCartPageURLTest" time="7.462"/>
  <system-out>
    <![CDATA[URL of Cart page :-https://www.saucedemo.com/v1/cart.html]]>
  </system-out>
  <testcase classname="TestCases._3_cartPageTest" name="verifyCartLabelTest" time="7.221"/>
  <system-out>
    <![CDATA[Label of Cart page :-Your Cart]]>
  </system-out>
</testsuite> <!-- TestCases._3_cartPageTest -->
