<?xml version="1.0" encoding="UTF-8"?>
<!-- Generated by org.testng.reporters.JUnitReportReporter -->
<testsuite hostname="Tejas_Dhakite" failures="0" tests="5" name="TestCases._1_LoginPageTest" time="13.205" errors="0" timestamp="2023-07-25T16:12:55 IST" skipped="0">
  <testcase classname="TestCases._1_LoginPageTest" name="verifyURLofAppTest" time="2.668"/>
  <system-out>
    <![CDATA[Orignal URL of application :-https://www.saucedemo.com/v1/]]>
  </system-out>
  <testcase classname="TestCases._1_LoginPageTest" name="verifyTitleTest" time="1.593"/>
  <system-out/>
  <testcase classname="TestCases._1_LoginPageTest" name="verifyLoginLogoTest" time="1.733"/>
  <system-out>
    <![CDATA[visibility of login logo :-true]]>
  </system-out>
  <testcase classname="TestCases._1_LoginPageTest" name="loginToApplicationTest" time="5.573"/>
  <system-out>
    <![CDATA[Current URL of application :-https://www.saucedemo.com/v1/inventory.html]]>
  </system-out>
  <testcase classname="TestCases._1_LoginPageTest" name="verifyBotLogoTest" time="1.638"/>
  <system-out>
    <![CDATA[visibility of Bot logo :-true]]>
  </system-out>
</testsuite> <!-- TestCases._1_LoginPageTest -->
