<?xml version="1.0" encoding="UTF-8"?>
<!-- Generated by org.testng.reporters.JUnitReportReporter -->
<testsuite hostname="Tejas_Dhakite" failures="0" tests="5" name="TestCases._6_CheckoutCompletePageTest" time="48.618" errors="0" timestamp="2023-07-25T15:19:51 IST" skipped="0">
  <testcase classname="TestCases._6_CheckoutCompletePageTest" name="verifyCompletePageURLTest" time="8.163"/>
  <system-out/>
  <testcase classname="TestCases._6_CheckoutCompletePageTest" name="verifyCheckoutCompleteLabel1Test" time="8.193"/>
  <system-out/>
  <testcase classname="TestCases._6_CheckoutCompletePageTest" name="verifyCheckoutCompleteLabel2Test" time="9.417"/>
  <system-out/>
  <testcase classname="TestCases._6_CheckoutCompletePageTest" name="verifyCheckoutCompleteLabel3Test" time="8.227"/>
  <system-out/>
  <testcase classname="TestCases._6_CheckoutCompletePageTest" name="verifylogo" time="14.618"/>
  <system-out/>
</testsuite> <!-- TestCases._6_CheckoutCompletePageTest -->
