<?xml version="1.0" encoding="UTF-8"?>
<!-- Generated by org.testng.reporters.JUnitReportReporter -->
<testsuite hostname="Tejas_Dhakite" failures="0" tests="4" name="TestCases.ChechoutPage2Test" time="11.568" errors="0" timestamp="2023-06-11T12:00:59 IST" skipped="0">
  <testcase classname="TestCases.ChechoutPage2Test" name="verifypaymentInfoLabel" time="3.506"/>
  <system-out/>
  <testcase classname="TestCases.ChechoutPage2Test" name="verifyChekoutPage2Label" time="2.689"/>
  <system-out/>
  <testcase classname="TestCases.ChechoutPage2Test" name="verifyshippingInfoLabel" time="2.732"/>
  <system-out/>
  <testcase classname="TestCases.ChechoutPage2Test" name="verifytotalAmountLabel" time="2.641"/>
  <system-out/>
</testsuite> <!-- TestCases.ChechoutPage2Test -->
